<?xml version="1.0" encoding="UTF-8"?>
<!-- Generated by org.testng.reporters.JUnitXMLReporter -->
<testsuite ignored="1" hostname="Tushar" failures="0" tests="5" name="Default test" time="77.921" errors="0" timestamp="2023-10-26T10:06:35 IST">
  <testcase classname="com.test.PIMTest" name="validate_add_Employee" time="11.741"/>
  <testcase classname="com.test.PIMTest" name="validate_add_Employee" time="10.57"/>
  <testcase classname="com.test.PIMTest" name="validate_add_Employee" time="10.529"/>
  <testcase classname="com.test.PIMTest" name="validate_add_Employee" time="10.497"/>
  <testcase classname="com.test.PIMTest" name="validate_add_Employee" time="10.464"/>
  <testcase classname="com.test.PIMTest" name="validate_url" time="0.0">
    <ignored/>
  </testcase> <!-- validate_url -->
</testsuite> <!-- Default test -->
