<?xml version="1.0" encoding="UTF-8"?>
<!-- Generated by org.testng.reporters.JUnitXMLReporter -->
<testsuite ignored="1" hostname="Tushar" failures="0" tests="5" name="Default test" time="84.859" errors="0" timestamp="2023-10-27T10:39:29 IST">
  <testcase classname="com.test.PIMTest" name="validate_add_Employee" time="11.724"/>
  <testcase classname="com.test.PIMTest" name="validate_add_Employee" time="10.55"/>
  <testcase classname="com.test.PIMTest" name="validate_add_Employee" time="10.504"/>
  <testcase classname="com.test.PIMTest" name="validate_add_Employee" time="10.459"/>
  <testcase classname="com.test.PIMTest" name="validate_add_Employee" time="10.486"/>
  <testcase classname="com.test.PIMTest" name="validate_url" time="0.0">
    <ignored/>
  </testcase> <!-- validate_url -->
</testsuite> <!-- Default test -->
