<?xml version="1.0" encoding="UTF-8"?>
<testng-results ignored="0" total="1" passed="1" failed="0" skipped="0">
  <reporter-output>
  </reporter-output>
  <suite started-at="2023-10-23T09:56:41 IST" name="Default suite" finished-at="2023-10-23T09:56:58 IST" duration-ms="16832">
    <groups>
    </groups>
    <test started-at="2023-10-23T09:56:41 IST" name="Default test" finished-at="2023-10-23T09:56:58 IST" duration-ms="16832">
      <class name="com.test.LoginTest">
        <test-method is-config="true" signature="setUp()[pri:0, instance:com.test.LoginTest@3646a422]" started-at="2023-10-23T09:56:41 IST" name="setUp" finished-at="2023-10-23T09:56:53 IST" duration-ms="11949" status="PASS">
          <reporter-output>
          </reporter-output>
        </test-method> <!-- setUp -->
        <test-method signature="test_users()[pri:0, instance:com.test.LoginTest@3646a422]" started-at="2023-10-23T09:56:53 IST" name="test_users" finished-at="2023-10-23T09:56:56 IST" duration-ms="3132" status="PASS">
          <reporter-output>
          </reporter-output>
        </test-method> <!-- test_users -->
        <test-method is-config="true" signature="tearDown()[pri:0, instance:com.test.LoginTest@3646a422]" started-at="2023-10-23T09:56:56 IST" name="tearDown" finished-at="2023-10-23T09:56:58 IST" duration-ms="1671" status="PASS">
          <reporter-output>
          </reporter-output>
        </test-method> <!-- tearDown -->
      </class> <!-- com.test.LoginTest -->
    </test> <!-- Default test -->
  </suite> <!-- Default suite -->
</testng-results>
